.android/Flutter/build/outputs/mapping/release/usage.txt
com.example.chitchat.R$attr:
    public static int alpha
    public static int buttonSize
    public static int circleCrop
    public static int colorScheme
    public static int coordinatorLayoutStyle
    public static int font
    public static int fontProviderAuthority
    public static int fontProviderCerts
    public static int fontProviderFetchStrategy
    public static int fontProviderFetchTimeout
    public static int fontProviderPackage
    public static int fontProviderQuery
    public static int fontStyle
    public static int fontVariationSettings
    public static int fontWeight
    public static int imageAspectRatio
    public static int imageAspectRatioAdjust
    public static int keylines
    public static int layout_anchor
    public static int layout_anchorGravity
    public static int layout_behavior
    public static int layout_dodgeInsetEdges
    public static int layout_insetEdge
    public static int layout_keyline
    public static int scopeUris
    public static int statusBarBackground
    public static int ttcIndex
com.example.chitchat.R$layout:
    public static int browser_actions_context_menu_page
    public static int browser_actions_context_menu_row
    public static int custom_dialog
    public static int notification_action
    public static int notification_action_tombstone
    public static int notification_template_custom_big
    public static int notification_template_icon_group
    public static int notification_template_part_chronometer
    public static int notification_template_part_time
com.example.chitchat.R$id:
    public static int accessibility_action_clickable_span
    public static int accessibility_custom_action_0
    public static int accessibility_custom_action_1
    public static int accessibility_custom_action_10
    public static int accessibility_custom_action_11
    public static int accessibility_custom_action_12
    public static int accessibility_custom_action_13
    public static int accessibility_custom_action_14
    public static int accessibility_custom_action_15
    public static int accessibility_custom_action_16
    public static int accessibility_custom_action_17
    public static int accessibility_custom_action_18
    public static int accessibility_custom_action_19
    public static int accessibility_custom_action_2
    public static int accessibility_custom_action_20
    public static int accessibility_custom_action_21
    public static int accessibility_custom_action_22
    public static int accessibility_custom_action_23
    public static int accessibility_custom_action_24
    public static int accessibility_custom_action_25
    public static int accessibility_custom_action_26
    public static int accessibility_custom_action_27
    public static int accessibility_custom_action_28
    public static int accessibility_custom_action_29
    public static int accessibility_custom_action_3
    public static int accessibility_custom_action_30
    public static int accessibility_custom_action_31